<?xml version="1.0" encoding="UTF-8"?>
<testng-results ignored="0" total="2" passed="2" failed="0" skipped="0">
  <reporter-output>
  </reporter-output>
  <suite started-at="2023-08-30T21:08:18 ICT" name="Suite Hoan" finished-at="2023-08-30T21:08:26 ICT" duration-ms="8198">
    <groups>
    </groups>
    <test started-at="2023-08-30T21:08:18 ICT" name="Regression test with firfox brower" finished-at="2023-08-30T21:08:23 ICT" duration-ms="5058">
      <class name="automation.testsuite.SearchFlights_Day16">
        <test-method is-config="true" signature="createDriver(java.lang.String)[pri:0, instance:automation.testsuite.SearchFlights_Day16@790da477]" started-at="2023-08-30T21:08:18 ICT" name="createDriver" finished-at="2023-08-30T21:08:23 ICT" duration-ms="4662" status="PASS">
          <params>
            <param index="0">
              <value>
                <![CDATA[chrome]]>
              </value>
            </param>
          </params>
          <reporter-output>
          </reporter-output>
        </test-method> <!-- createDriver -->
        <test-method signature="ChooseDatePicker()[pri:0, instance:automation.testsuite.SearchFlights_Day16@790da477]" started-at="2023-08-30T21:08:23 ICT" name="ChooseDatePicker" finished-at="2023-08-30T21:08:23 ICT" duration-ms="353" status="PASS">
          <reporter-output>
          </reporter-output>
        </test-method> <!-- ChooseDatePicker -->
        <test-method is-config="true" signature="closeBrowserTest()[pri:0, instance:automation.testsuite.SearchFlights_Day16@790da477]" started-at="2023-08-30T21:08:23 ICT" name="closeBrowserTest" finished-at="2023-08-30T21:08:23 ICT" duration-ms="0" status="PASS">
          <reporter-output>
          </reporter-output>
        </test-method> <!-- closeBrowserTest -->
      </class> <!-- automation.testsuite.SearchFlights_Day16 -->
    </test> <!-- Regression test with firfox brower -->
    <test started-at="2023-08-30T21:08:23 ICT" name="Regression test with chrome browser" finished-at="2023-08-30T21:08:26 ICT" duration-ms="3095">
      <class name="automation.testsuite.SearchFlights_Day16">
        <test-method is-config="true" signature="createDriver(java.lang.String)[pri:0, instance:automation.testsuite.SearchFlights_Day16@7fb4f2a9]" started-at="2023-08-30T21:08:23 ICT" name="createDriver" finished-at="2023-08-30T21:08:26 ICT" duration-ms="2777" status="PASS">
          <params>
            <param index="0">
              <value>
                <![CDATA[chrome]]>
              </value>
            </param>
          </params>
          <reporter-output>
          </reporter-output>
        </test-method> <!-- createDriver -->
        <test-method signature="ChooseDatePicker()[pri:0, instance:automation.testsuite.SearchFlights_Day16@7fb4f2a9]" started-at="2023-08-30T21:08:26 ICT" name="ChooseDatePicker" finished-at="2023-08-30T21:08:26 ICT" duration-ms="314" status="PASS">
          <reporter-output>
          </reporter-output>
        </test-method> <!-- ChooseDatePicker -->
        <test-method is-config="true" signature="closeBrowserTest()[pri:0, instance:automation.testsuite.SearchFlights_Day16@7fb4f2a9]" started-at="2023-08-30T21:08:26 ICT" name="closeBrowserTest" finished-at="2023-08-30T21:08:26 ICT" duration-ms="0" status="PASS">
          <reporter-output>
          </reporter-output>
        </test-method> <!-- closeBrowserTest -->
      </class> <!-- automation.testsuite.SearchFlights_Day16 -->
    </test> <!-- Regression test with chrome browser -->
  </suite> <!-- Suite Hoan -->
</testng-results>
