<?xml version="1.0" encoding="UTF-8"?>
<testng-results ignored="0" total="1" passed="1" failed="0" skipped="0">
  <reporter-output>
  </reporter-output>
  <suite started-at="2023-08-20T16:01:49 ICT" name="Default suite" finished-at="2023-08-20T16:03:18 ICT" duration-ms="88641">
    <groups>
    </groups>
    <test started-at="2023-08-20T16:01:49 ICT" name="Default test" finished-at="2023-08-20T16:03:18 ICT" duration-ms="88641">
      <class name="automation.testsuite.TestNewInfomation">
        <test-method is-config="true" signature="TestNewInformation()[pri:0, instance:automation.testsuite.TestNewInfomation@26abb146]" started-at="2023-08-20T16:01:49 ICT" name="TestNewInformation" finished-at="2023-08-20T16:02:13 ICT" duration-ms="23679" status="PASS">
          <reporter-output>
          </reporter-output>
        </test-method> <!-- TestNewInformation -->
        <test-method signature="Test1()[pri:0, instance:automation.testsuite.TestNewInfomation@26abb146]" started-at="2023-08-20T16:02:13 ICT" name="Test1" finished-at="2023-08-20T16:03:18 ICT" duration-ms="64927" status="PASS">
          <reporter-output>
          </reporter-output>
        </test-method> <!-- Test1 -->
      </class> <!-- automation.testsuite.TestNewInfomation -->
    </test> <!-- Default test -->
  </suite> <!-- Default suite -->
</testng-results>
